<?xml version="1.0" encoding="UTF-8"?>
<!-- Generated by org.testng.reporters.JUnitReportReporter -->
<testsuite skipped="0" hostname="DESKTOP-LKM5JTJ" name="com.qa.hubspot.test.HomePageTest" tests="2" failures="0" timestamp="30 Aug 2020 11:56:16 GMT" time="5.044" errors="0">
  <testcase name="verifyHomePageTitleTest" time="5.015" classname="com.qa.hubspot.test.HomePageTest"/>
  <testcase name="verifyHomePageHeaderTest" time="0.029" classname="com.qa.hubspot.test.HomePageTest"/>
</testsuite> <!-- com.qa.hubspot.test.HomePageTest -->
