<?xml version="1.0" encoding="UTF-8"?>
<!-- Generated by org.testng.reporters.JUnitReportReporter -->
<testsuite skipped="0" hostname="DESKTOP-LKM5JTJ" name="com.qa.hubspot.test.HomePageTest" tests="2" failures="0" timestamp="02 Sep 2020 09:29:00 GMT" time="0.048" errors="0">
  <testcase name="verifyHomePageTitleTest" time="0.023" classname="com.qa.hubspot.test.HomePageTest"/>
  <testcase name="verifyHomePageHeaderTest" time="0.025" classname="com.qa.hubspot.test.HomePageTest"/>
</testsuite> <!-- com.qa.hubspot.test.HomePageTest -->
