<?xml version="1.0" encoding="UTF-8"?>
<!-- Generated by org.testng.reporters.JUnitReportReporter -->
<testsuite skipped="1" hostname="DESKTOP-LKM5JTJ" name="com.qa.hubspot.test.LoginPageTest" tests="4" failures="0" timestamp="02 Sep 2020 09:29:00 GMT" time="10.812" errors="0">
  <testcase name="verifyLoginPageTitleTest" time="6.219" classname="com.qa.hubspot.test.LoginPageTest"/>
  <testcase name="signUpLinkTest" time="0.082" classname="com.qa.hubspot.test.LoginPageTest"/>
  <testcase name="loginTest" time="4.511" classname="com.qa.hubspot.test.LoginPageTest"/>
  <testcase name="invalidLoginTest" classname="com.qa.hubspot.test.LoginPageTest">
    <skipped/>
  </testcase> <!-- invalidLoginTest -->
</testsuite> <!-- com.qa.hubspot.test.LoginPageTest -->
